<?xml version="1.0" encoding="UTF-8"?>
<testsuite xmlns:xsi="http://www.w3.org/2001/XMLSchema-instance" xsi:noNamespaceSchemaLocation="https://maven.apache.org/surefire/maven-surefire-plugin/xsd/surefire-test-report-3.0.xsd" version="3.0" name="com.mediscan.auth.AuthControllerIT" time="18.415" tests="9" errors="0" skipped="0" failures="0">
  <properties>
[...]
</properties>
  <testcase name="protectedEndpoint_noAuthHeader_returns403" classname="com.mediscan.auth.AuthControllerIT" time="0.515">
    <system-out><![CDATA[01:50:17.800 [main] INFO org.springframework.test.context.support.AnnotationConfigContextLoaderUtils -- Could not detect default configuration classes for test class [com.mediscan.auth.AuthControllerIT]: AuthControllerIT does not declare any static, non-private, non-final, nested classes annotated with @Configuration.
01:50:17.943 [main] INFO org.springframework.boot.test.context.SpringBootTestContextBootstrapper -- Found @SpringBootConfiguration com.mediscan.MediscanApplication for test class com.mediscan.auth.AuthControllerIT

  .   ____          _            __ _ _
 /\\ / ___'_ __ _ _(_)_ __  __ _ \ \ \ \
( ( )\___ | '_ | '_| | '_ \/ _` | \ \ \ \
 \\/  ___)| |_)| | | | | || (_| |  ) ) ) )
  '  |____| .__|_| |_|_| |_\__, | / / / /
 =========|_|==============|___/=/_/_/_/
 :: Spring Boot ::                (v3.2.1)

2026-03-04T01:50:20.599+05:30  INFO 11432 --- [mediscan-backend] [           main] .s.d.r.c.RepositoryConfigurationDelegate : Multiple Spring Data modules found, entering strict repository configuration mode
2026-03-04T01:50:20.602+05:30  INFO 11432 --- [mediscan-backend] [           main] .s.d.r.c.RepositoryConfigurationDelegate : Bootstrapping Spring Data JPA repositories in DEFAULT mode.
2026-03-04T01:50:20.683+05:30  INFO 11432 --- [mediscan-backend] [           main] .RepositoryConfigurationExtensionSupport : Spring Data JPA - Could not safely identify store assignment for repository candidate interface com.mediscan.history.repository.HistoryRepository; If you want this repository to be a JPA repository, consider annotating your entities with one of these annotations: jakarta.persistence.Entity, jakarta.persistence.MappedSuperclass (preferred), or consider extending one of the following types with your repository: org.springframework.data.jpa.repository.JpaRepository
2026-03-04T01:50:20.690+05:30  INFO 11432 --- [mediscan-backend] [           main] .RepositoryConfigurationExtensionSupport : Spring Data JPA - Could not safely identify store assignment for repository candidate interface com.mediscan.medicine.repository.MedicineRepository; If you want this repository to be a JPA repository, consider annotating your entities with one of these annotations: jakarta.persistence.Entity, jakarta.persistence.MappedSuperclass (preferred), or consider extending one of the following types with your repository: org.springframework.data.jpa.repository.JpaRepository
2026-03-04T01:50:20.693+05:30  INFO 11432 --- [mediscan-backend] [           main] .RepositoryConfigurationExtensionSupport : Spring Data JPA - Could not safely identify store assignment for repository candidate interface com.mediscan.reminder.repository.ReminderHistoryRepository; If you want this repository to be a JPA repository, consider annotating your entities with one of these annotations: jakarta.persistence.Entity, jakarta.persistence.MappedSuperclass (preferred), or consider extending one of the following types with your repository: org.springframework.data.jpa.repository.JpaRepository
2026-03-04T01:50:20.697+05:30  INFO 11432 --- [mediscan-backend] [           main] .RepositoryConfigurationExtensionSupport : Spring Data JPA - Could not safely identify store assignment for repository candidate interface com.mediscan.reminder.repository.ReminderRepository; If you want this repository to be a JPA repository, consider annotating your entities with one of these annotations: jakarta.persistence.Entity, jakarta.persistence.MappedSuperclass (preferred), or consider extending one of the following types with your repository: org.springframework.data.jpa.repository.JpaRepository
2026-03-04T01:50:20.728+05:30  INFO 11432 --- [mediscan-backend] [           main] .s.d.r.c.RepositoryConfigurationDelegate : Finished Spring Data repository scanning in 115 ms. Found 6 JPA repository interfaces.
2026-03-04T01:50:20.751+05:30  INFO 11432 --- [mediscan-backend] [           main] .s.d.r.c.RepositoryConfigurationDelegate : Multiple Spring Data modules found, entering strict repository configuration mode
2026-03-04T01:50:20.752+05:30  INFO 11432 --- [mediscan-backend] [           main] .s.d.r.c.RepositoryConfigurationDelegate : Bootstrapping Spring Data MongoDB repositories in DEFAULT mode.
2026-03-04T01:50:20.768+05:30  INFO 11432 --- [mediscan-backend] [           main] .RepositoryConfigurationExtensionSupport : Spring Data MongoDB - Could not safely identify store assignment for repository candidate interface com.mediscan.auth.repository.RefreshTokenRepository; If you want this repository to be a MongoDB repository, consider annotating your entities with one of these annotations: org.springframework.data.mongodb.core.mapping.Document (preferred), or consider extending one of the following types with your repository: org.springframework.data.mongodb.repository.MongoRepository
2026-03-04T01:50:20.768+05:30  INFO 11432 --- [mediscan-backend] [           main] .RepositoryConfigurationExtensionSupport : Spring Data MongoDB - Could not safely identify store assignment for repository candidate interface com.mediscan.group.repository.GroupRepository; If you want this repository to be a MongoDB repository, consider annotating your entities with one of these annotations: org.springframework.data.mongodb.core.mapping.Document (preferred), or consider extending one of the following types with your repository: org.springframework.data.mongodb.repository.MongoRepository
2026-03-04T01:50:20.769+05:30  INFO 11432 --- [mediscan-backend] [           main] .RepositoryConfigurationExtensionSupport : Spring Data MongoDB - Could not safely identify store assignment for repository candidate interface com.mediscan.inventory.repository.InventoryLogRepository; If you want this repository to be a MongoDB repository, consider annotating your entities with one of these annotations: org.springframework.data.mongodb.core.mapping.Document (preferred), or consider extending one of the following types with your repository: org.springframework.data.mongodb.repository.MongoRepository
2026-03-04T01:50:20.769+05:30  INFO 11432 --- [mediscan-backend] [           main] .RepositoryConfigurationExtensionSupport : Spring Data MongoDB - Could not safely identify store assignment for repository candidate interface com.mediscan.inventory.repository.InventoryRepository; If you want this repository to be a MongoDB repository, consider annotating your entities with one of these annotations: org.springframework.data.mongodb.core.mapping.Document (preferred), or consider extending one of the following types with your repository: org.springframework.data.mongodb.repository.MongoRepository
2026-03-04T01:50:20.769+05:30  INFO 11432 --- [mediscan-backend] [           main] .RepositoryConfigurationExtensionSupport : Spring Data MongoDB - Could not safely identify store assignment for repository candidate interface com.mediscan.notification.repository.NotificationDeviceTokenRepository; If you want this repository to be a MongoDB repository, consider annotating your entities with one of these annotations: org.springframework.data.mongodb.core.mapping.Document (preferred), or consider extending one of the following types with your repository: org.springframework.data.mongodb.repository.MongoRepository
2026-03-04T01:50:20.770+05:30  INFO 11432 --- [mediscan-backend] [           main] .RepositoryConfigurationExtensionSupport : Spring Data MongoDB - Could not safely identify store assignment for repository candidate interface com.mediscan.user.repository.UserRepository; If you want this repository to be a MongoDB repository, consider annotating your entities with one of these annotations: org.springframework.data.mongodb.core.mapping.Document (preferred), or consider extending one of the following types with your repository: org.springframework.data.mongodb.repository.MongoRepository
2026-03-04T01:50:20.784+05:30  INFO 11432 --- [mediscan-backend] [           main] .s.d.r.c.RepositoryConfigurationDelegate : Finished Spring Data repository scanning in 31 ms. Found 4 MongoDB repository interfaces.
2026-03-04T01:50:21.675+05:30  WARN 11432 --- [mediscan-backend] [           main] trationDelegate$BeanPostProcessorChecker : Bean 'de.flapdoodle.embed.mongo.spring.autoconfigure.EmbeddedMongoAutoConfiguration' of type [de.flapdoodle.embed.mongo.spring.autoconfigure.EmbeddedMongoAutoConfiguration] is not eligible for getting processed by all BeanPostProcessors (for example: not eligible for auto-proxying). The currently created BeanPostProcessor [fixTransactionAndAuth] is declared through a non-static factory method on that class; consider declaring it as static instead.
2026-03-04T01:50:21.732+05:30  WARN 11432 --- [mediscan-backend] [           main] trationDelegate$BeanPostProcessorChecker : Bean 'de.flapdoodle.mongodb.embedded-de.flapdoodle.embed.mongo.spring.autoconfigure.EmbeddedMongoProperties' of type [de.flapdoodle.embed.mongo.spring.autoconfigure.EmbeddedMongoProperties] is not eligible for getting processed by all BeanPostProcessors (for example: not eligible for auto-proxying). Is this bean getting eagerly injected into a currently created BeanPostProcessor [fixTransactionAndAuth]? Check the corresponding BeanPostProcessor declaration and its dependencies.
2026-03-04T01:50:21.822+05:30  WARN 11432 --- [mediscan-backend] [           main] trationDelegate$BeanPostProcessorChecker : Bean 'net' of type [de.flapdoodle.embed.mongo.config.ImmutableNet] is not eligible for getting processed by all BeanPostProcessors (for example: not eligible for auto-proxying). Is this bean getting eagerly injected into a currently created BeanPostProcessor [fixTransactionAndAuth]? Check the corresponding BeanPostProcessor declaration and its dependencies.
2026-03-04T01:50:21.837+05:30  WARN 11432 --- [mediscan-backend] [           main] trationDelegate$BeanPostProcessorChecker : Bean 'spring.data.mongodb-org.springframework.boot.autoconfigure.mongo.MongoProperties' of type [org.springframework.boot.autoconfigure.mongo.MongoProperties] is not eligible for getting processed by all BeanPostProcessors (for example: not eligible for auto-proxying). Is this bean getting eagerly injected into a currently created BeanPostProcessor [fixTransactionAndAuth]? Check the corresponding BeanPostProcessor declaration and its dependencies.
2026-03-04T01:50:22.420+05:30  INFO 11432 --- [mediscan-backend] [           main] o.s.b.w.embedded.tomcat.TomcatWebServer  : Tomcat initialized with port 0 (http)
2026-03-04T01:50:22.447+05:30  INFO 11432 --- [mediscan-backend] [           main] o.apache.catalina.core.StandardService   : Starting service [Tomcat]
2026-03-04T01:50:22.448+05:30  INFO 11432 --- [mediscan-backend] [           main] o.apache.catalina.core.StandardEngine    : Starting Servlet engine: [Apache Tomcat/10.1.17]
2026-03-04T01:50:22.596+05:30  INFO 11432 --- [mediscan-backend] [           main] o.a.c.c.C.[Tomcat].[localhost].[/]       : Initializing Spring embedded WebApplicationContext
2026-03-04T01:50:22.598+05:30  INFO 11432 --- [mediscan-backend] [           main] w.s.c.ServletWebServerApplicationContext : Root WebApplicationContext: initialization completed in 4056 ms
2026-03-04T01:50:24.196+05:30  INFO 11432 --- [mediscan-backend] [           main] o.s.o.j.p.SpringPersistenceUnitInfo      : No LoadTimeWeaver setup: ignoring JPA class transformer
2026-03-04T01:50:24.235+05:30  INFO 11432 --- [mediscan-backend] [           main] com.zaxxer.hikari.HikariDataSource       : HikariPool-1 - Starting...
2026-03-04T01:50:24.498+05:30  INFO 11432 --- [mediscan-backend] [           main] com.zaxxer.hikari.pool.HikariPool        : HikariPool-1 - Added connection conn0: url=jdbc:h2:mem:mediscantest user=SA
2026-03-04T01:50:24.501+05:30  INFO 11432 --- [mediscan-backend] [           main] com.zaxxer.hikari.HikariDataSource       : HikariPool-1 - Start completed.
2026-03-04T01:50:24.546+05:30  WARN 11432 --- [mediscan-backend] [           main] org.hibernate.orm.deprecation            : HHH90000025: H2Dialect does not need to be specified explicitly using 'hibernate.dialect' (remove the property setting and it will be selected by default)
2026-03-04T01:50:26.289+05:30  INFO 11432 --- [mediscan-backend] [           main] j.LocalContainerEntityManagerFactoryBean : Initialized JPA EntityManagerFactory for persistence unit 'default'
2026-03-04T01:50:27.306+05:30  INFO 11432 --- [mediscan-backend] [           main] o.a.c.c.C.[Tomcat].[localhost].[/]       : Initializing Spring TestDispatcherServlet ''
2026-03-04T01:50:27.307+05:30  INFO 11432 --- [mediscan-backend] [           main] o.s.t.web.servlet.TestDispatcherServlet  : Initializing Servlet ''
2026-03-04T01:50:27.718+05:30  WARN 11432 --- [mediscan-backend] [           main] JpaBaseConfiguration$JpaWebConfiguration : spring.jpa.open-in-view is enabled by default. Therefore, database queries may be performed during view rendering. Explicitly configure spring.jpa.open-in-view to disable this warning
2026-03-04T01:50:28.959+05:30  INFO 11432 --- [mediscan-backend] [           main] d.f.e.m.s.a.SyncClientServerFactory      : sync server factory
2026-03-04T01:50:29.342+05:30  INFO 11432 --- [mediscan-backend] [       Thread-3] d.f.e.m.s.autoconfigure.EmbeddedMongo    : {"t":{"$date":"2026-03-04T01:50:29.341+05:30"},"s":"I",  "c":"CONTROL",  "id":23285,   "ctx":"main","msg":"Automatically disabling TLS 1.0, to force-enable TLS 1.0 specify --sslDisabledProtocols 'none'"}
2026-03-04T01:50:29.414+05:30  INFO 11432 --- [mediscan-backend] [       Thread-3] d.f.e.m.s.autoconfigure.EmbeddedMongo    : {"t":{"$date":"2026-03-04T01:50:29.414+05:30"},"s":"I",  "c":"NETWORK",  "id":4915701, "ctx":"main","msg":"Initialized wire specification","attr":{"spec":{"incomingExternalClient":{"minWireVersion":0,"maxWireVersion":13},"incomingInternalClient":{"minWireVersion":0,"maxWireVersion":13},"outgoing":{"minWireVersion":0,"maxWireVersion":13},"isInternalClient":true}}}
2026-03-04T01:50:29.415+05:30  INFO 11432 --- [mediscan-backend] [       Thread-3] d.f.e.m.s.autoconfigure.EmbeddedMongo    : {"t":{"$date":"2026-03-04T01:50:29.415+05:30"},"s":"W",  "c":"ASIO",     "id":22601,   "ctx":"main","msg":"No TransportLayer configured during NetworkInterface startup"}
2026-03-04T01:50:29.415+05:30  INFO 11432 --- [mediscan-backend] [       Thread-3] d.f.e.m.s.autoconfigure.EmbeddedMongo    : {"t":{"$date":"2026-03-04T01:50:29.415+05:30"},"s":"I",  "c":"NETWORK",  "id":4648602, "ctx":"main","msg":"Implicit TCP FastOpen in use."}
2026-03-04T01:50:29.417+05:30  INFO 11432 --- [mediscan-backend] [       Thread-3] d.f.e.m.s.autoconfigure.EmbeddedMongo    : {"t":{"$date":"2026-03-04T01:50:29.418+05:30"},"s":"W",  "c":"ASIO",     "id":22601,   "ctx":"main","msg":"No TransportLayer configured during NetworkInterface startup"}
2026-03-04T01:50:29.419+05:30  INFO 11432 --- [mediscan-backend] [       Thread-3] d.f.e.m.s.autoconfigure.EmbeddedMongo    : {"t":{"$date":"2026-03-04T01:50:29.418+05:30"},"s":"I",  "c":"REPL",     "id":5123008, "ctx":"main","msg":"Successfully registered PrimaryOnlyService","attr":{"service":"TenantMigrationDonorService","ns":"config.tenantMigrationDonors"}}
2026-03-04T01:50:29.419+05:30  INFO 11432 --- [mediscan-backend] [       Thread-3] d.f.e.m.s.autoconfigure.EmbeddedMongo    : {"t":{"$date":"2026-03-04T01:50:29.418+05:30"},"s":"I",  "c":"REPL",     "id":5123008, "ctx":"main","msg":"Successfully registered PrimaryOnlyService","attr":{"service":"TenantMigrationRecipientService","ns":"config.tenantMigrationRecipients"}}
2026-03-04T01:50:29.419+05:30  INFO 11432 --- [mediscan-backend] [       Thread-3] d.f.e.m.s.autoconfigure.EmbeddedMongo    : {"t":{"$date":"2026-03-04T01:50:29.419+05:30"},"s":"I",  "c":"CONTROL",  "id":5945603, "ctx":"main","msg":"Multi threading initialized"}
2026-03-04T01:50:29.420+05:30  INFO 11432 --- [mediscan-backend] [       Thread-3] d.f.e.m.s.autoconfigure.EmbeddedMongo    : {"t":{"$date":"2026-03-04T01:50:29.420+05:30"},"s":"I",  "c":"CONTROL",  "id":4615611, "ctx":"initandlisten","msg":"MongoDB starting","attr":{"pid":34080,"port":52909,"dbPath":"C:/Users/ampas/AppData/Local/Temp/temp--cfefdcdf-af2c-4e90-96aa-926c5f8a2bdf/mongod-database14067338666677577539","architecture":"64-bit","host":"Dinakar"}}
2026-03-04T01:50:29.420+05:30  INFO 11432 --- [mediscan-backend] [       Thread-3] d.f.e.m.s.autoconfigure.EmbeddedMongo    : {"t":{"$date":"2026-03-04T01:50:29.420+05:30"},"s":"I",  "c":"CONTROL",  "id":23398,   "ctx":"initandlisten","msg":"Target operating system minimum version","attr":{"targetMinOS":"Windows 7/Windows Server 2008 R2"}}
2026-03-04T01:50:29.420+05:30  INFO 11432 --- [mediscan-backend] [       Thread-3] d.f.e.m.s.autoconfigure.EmbeddedMongo    : {"t":{"$date":"2026-03-04T01:50:29.420+05:30"},"s":"I",  "c":"CONTROL",  "id":23403,   "ctx":"initandlisten","msg":"Build Info","attr":{"buildInfo":{"version":"5.0.5","gitVersion":"d65fd89df3fc039b5c55933c0f71d647a54510ae","modules":[],"allocator":"tcmalloc","environment":{"distmod":"windows","distarch":"x86_64","target_arch":"x86_64"}}}}
2026-03-04T01:50:29.420+05:30  INFO 11432 --- [mediscan-backend] [       Thread-3] d.f.e.m.s.autoconfigure.EmbeddedMongo    : {"t":{"$date":"2026-03-04T01:50:29.420+05:30"},"s":"I",  "c":"CONTROL",  "id":51765,   "ctx":"initandlisten","msg":"Operating System","attr":{"os":{"name":"Microsoft Windows 10","version":"10.0 (build 26200)"}}}
2026-03-04T01:50:29.420+05:30  INFO 11432 --- [mediscan-backend] [       Thread-3] d.f.e.m.s.autoconfigure.EmbeddedMongo    : {"t":{"$date":"2026-03-04T01:50:29.420+05:30"},"s":"I",  "c":"CONTROL",  "id":21951,   "ctx":"initandlisten","msg":"Options set by command line","attr":{"options":{"net":{"bindIp":"127.0.0.1","port":52909},"security":{"authorization":"disabled"},"storage":{"dbPath":"C:\\Users\\ampas\\AppData\\Local\\Temp\\temp--cfefdcdf-af2c-4e90-96aa-926c5f8a2bdf\\mongod-database14067338666677577539","journal":{"enabled":false},"syncPeriodSecs":0}}}}
2026-03-04T01:50:29.422+05:30  INFO 11432 --- [mediscan-backend] [       Thread-3] d.f.e.m.s.autoconfigure.EmbeddedMongo    : {"t":{"$date":"2026-03-04T01:50:29.422+05:30"},"s":"I",  "c":"STORAGE",  "id":22315,   "ctx":"initandlisten","msg":"Opening WiredTiger","attr":{"config":"create,cache_size=3445M,session_max=33000,eviction=(threads_min=4,threads_max=4),config_base=false,statistics=(fast),log=(enabled=true,archive=true,path=journal,compressor=snappy),builtin_extension_config=(zstd=(compression_level=6)),file_manager=(close_idle_time=600,close_scan_interval=10,close_handle_minimum=250),statistics_log=(wait=0),verbose=[recovery_progress,checkpoint_progress,compact_progress],,log=(enabled=false),"}}
2026-03-04T01:50:29.447+05:30  INFO 11432 --- [mediscan-backend] [       Thread-3] d.f.e.m.s.autoconfigure.EmbeddedMongo    : {"t":{"$date":"2026-03-04T01:50:29.448+05:30"},"s":"I",  "c":"STORAGE",  "id":22430,   "ctx":"initandlisten","msg":"WiredTiger message","attr":{"message":"[1772569229:447895][34080:140710306612768], txn-recover: [WT_VERB_RECOVERY_ALL] Set global recovery timestamp: (0, 0)"}}
2026-03-04T01:50:29.447+05:30  INFO 11432 --- [mediscan-backend] [       Thread-3] d.f.e.m.s.autoconfigure.EmbeddedMongo    : {"t":{"$date":"2026-03-04T01:50:29.448+05:30"},"s":"I",  "c":"STORAGE",  "id":22430,   "ctx":"initandlisten","msg":"WiredTiger message","attr":{"message":"[1772569229:447895][34080:140710306612768], txn-recover: [WT_VERB_RECOVERY_ALL] Set global oldest timestamp: (0, 0)"}}
2026-03-04T01:50:29.486+05:30  INFO 11432 --- [mediscan-backend] [       Thread-3] d.f.e.m.s.autoconfigure.EmbeddedMongo    : {"t":{"$date":"2026-03-04T01:50:29.486+05:30"},"s":"I",  "c":"STORAGE",  "id":4795906, "ctx":"initandlisten","msg":"WiredTiger opened","attr":{"durationMillis":64}}
2026-03-04T01:50:29.487+05:30  INFO 11432 --- [mediscan-backend] [       Thread-3] d.f.e.m.s.autoconfigure.EmbeddedMongo    : {"t":{"$date":"2026-03-04T01:50:29.486+05:30"},"s":"I",  "c":"RECOVERY", "id":23987,   "ctx":"initandlisten","msg":"WiredTiger recoveryTimestamp","attr":{"recoveryTimestamp":{"$timestamp":{"t":0,"i":0}}}}
2026-03-04T01:50:29.528+05:30  INFO 11432 --- [mediscan-backend] [       Thread-3] d.f.e.m.s.autoconfigure.EmbeddedMongo    : {"t":{"$date":"2026-03-04T01:50:29.528+05:30"},"s":"I",  "c":"STORAGE",  "id":4366408, "ctx":"initandlisten","msg":"No table logging settings modifications are required for existing WiredTiger tables","attr":{"loggingEnabled":true}}
2026-03-04T01:50:29.528+05:30  INFO 11432 --- [mediscan-backend] [       Thread-3] d.f.e.m.s.autoconfigure.EmbeddedMongo    : {"t":{"$date":"2026-03-04T01:50:29.529+05:30"},"s":"I",  "c":"STORAGE",  "id":22262,   "ctx":"initandlisten","msg":"Timestamp monitor starting"}
2026-03-04T01:50:29.539+05:30  INFO 11432 --- [mediscan-backend] [       Thread-3] d.f.e.m.s.autoconfigure.EmbeddedMongo    : {"t":{"$date":"2026-03-04T01:50:29.538+05:30"},"s":"I",  "c":"STORAGE",  "id":20320,   "ctx":"initandlisten","msg":"createCollection","attr":{"namespace":"admin.system.version","uuidDisposition":"provided","uuid":{"uuid":{"$uuid":"a1849bb9-a7d9-4cf8-a320-632e267ad9be"}},"options":{"uuid":{"$uuid":"a1849bb9-a7d9-4cf8-a320-632e267ad9be"}}}}
2026-03-04T01:50:29.575+05:30  INFO 11432 --- [mediscan-backend] [       Thread-3] d.f.e.m.s.autoconfigure.EmbeddedMongo    : {"t":{"$date":"2026-03-04T01:50:29.574+05:30"},"s":"I",  "c":"INDEX",    "id":20345,   "ctx":"initandlisten","msg":"Index build: done building","attr":{"buildUUID":null,"namespace":"admin.system.version","index":"_id_","commitTimestamp":null}}
2026-03-04T01:50:29.575+05:30  INFO 11432 --- [mediscan-backend] [       Thread-3] d.f.e.m.s.autoconfigure.EmbeddedMongo    : {"t":{"$date":"2026-03-04T01:50:29.575+05:30"},"s":"I",  "c":"REPL",     "id":20459,   "ctx":"initandlisten","msg":"Setting featureCompatibilityVersion","attr":{"newVersion":"5.0"}}
2026-03-04T01:50:29.575+05:30  INFO 11432 --- [mediscan-backend] [       Thread-3] d.f.e.m.s.autoconfigure.EmbeddedMongo    : {"t":{"$date":"2026-03-04T01:50:29.575+05:30"},"s":"I",  "c":"NETWORK",  "id":4915702, "ctx":"initandlisten","msg":"Updated wire specification","attr":{"oldSpec":{"incomingExternalClient":{"minWireVersion":0,"maxWireVersion":13},"incomingInternalClient":{"minWireVersion":0,"maxWireVersion":13},"outgoing":{"minWireVersion":0,"maxWireVersion":13},"isInternalClient":true},"newSpec":{"incomingExternalClient":{"minWireVersion":0,"maxWireVersion":13},"incomingInternalClient":{"minWireVersion":13,"maxWireVersion":13},"outgoing":{"minWireVersion":13,"maxWireVersion":13},"isInternalClient":true}}}
2026-03-04T01:50:29.576+05:30  INFO 11432 --- [mediscan-backend] [       Thread-3] d.f.e.m.s.autoconfigure.EmbeddedMongo    : {"t":{"$date":"2026-03-04T01:50:29.575+05:30"},"s":"I",  "c":"NETWORK",  "id":4915702, "ctx":"initandlisten","msg":"Updated wire specification","attr":{"oldSpec":{"incomingExternalClient":{"minWireVersion":0,"maxWireVersion":13},"incomingInternalClient":{"minWireVersion":13,"maxWireVersion":13},"outgoing":{"minWireVersion":13,"maxWireVersion":13},"isInternalClient":true},"newSpec":{"incomingExternalClient":{"minWireVersion":0,"maxWireVersion":13},"incomingInternalClient":{"minWireVersion":13,"maxWireVersion":13},"outgoing":{"minWireVersion":13,"maxWireVersion":13},"isInternalClient":true}}}
2026-03-04T01:50:29.589+05:30  INFO 11432 --- [mediscan-backend] [       Thread-3] d.f.e.m.s.autoconfigure.EmbeddedMongo    : {"t":{"$date":"2026-03-04T01:50:29.589+05:30"},"s":"I",  "c":"STORAGE",  "id":5071100, "ctx":"initandlisten","msg":"Clearing temp directory"}
2026-03-04T01:50:29.589+05:30  INFO 11432 --- [mediscan-backend] [       Thread-3] d.f.e.m.s.autoconfigure.EmbeddedMongo    : {"t":{"$date":"2026-03-04T01:50:29.589+05:30"},"s":"I",  "c":"CONTROL",  "id":20536,   "ctx":"initandlisten","msg":"Flow Control is enabled on this deployment"}
2026-03-04T01:50:29.923+05:30  INFO 11432 --- [mediscan-backend] [       Thread-3] d.f.e.m.s.autoconfigure.EmbeddedMongo    : {"t":{"$date":"2026-03-04T01:50:29.923+05:30"},"s":"I",  "c":"FTDC",     "id":20625,   "ctx":"initandlisten","msg":"Initializing full-time diagnostic data capture","attr":{"dataDirectory":"C:/Users/ampas/AppData/Local/Temp/temp--cfefdcdf-af2c-4e90-96aa-926c5f8a2bdf/mongod-database14067338666677577539/diagnostic.data"}}
2026-03-04T01:50:29.923+05:30  INFO 11432 --- [mediscan-backend] [       Thread-3] d.f.e.m.s.autoconfigure.EmbeddedMongo    : {"t":{"$date":"2026-03-04T01:50:29.923+05:30"},"s":"I",  "c":"STORAGE",  "id":20320,   "ctx":"initandlisten","msg":"createCollection","attr":{"namespace":"local.startup_log","uuidDisposition":"generated","uuid":{"uuid":{"$uuid":"2790f61d-e05e-4fff-8b9c-12f92a97d927"}},"options":{"capped":true,"size":10485760}}}
2026-03-04T01:50:29.950+05:30  INFO 11432 --- [mediscan-backend] [       Thread-3] d.f.e.m.s.autoconfigure.EmbeddedMongo    : {"t":{"$date":"2026-03-04T01:50:29.950+05:30"},"s":"I",  "c":"INDEX",    "id":20345,   "ctx":"initandlisten","msg":"Index build: done building","attr":{"buildUUID":null,"namespace":"local.startup_log","index":"_id_","commitTimestamp":null}}
2026-03-04T01:50:29.951+05:30  INFO 11432 --- [mediscan-backend] [       Thread-3] d.f.e.m.s.autoconfigure.EmbeddedMongo    : {"t":{"$date":"2026-03-04T01:50:29.951+05:30"},"s":"I",  "c":"REPL",     "id":6015317, "ctx":"initandlisten","msg":"Setting new configuration state","attr":{"newState":"ConfigReplicationDisabled","oldState":"ConfigPreStart"}}
2026-03-04T01:50:29.953+05:30  INFO 11432 --- [mediscan-backend] [       Thread-3] d.f.e.m.s.autoconfigure.EmbeddedMongo    : {"t":{"$date":"2026-03-04T01:50:29.953+05:30"},"s":"I",  "c":"CONTROL",  "id":20712,   "ctx":"LogicalSessionCacheReap","msg":"Sessions collection is not set up; waiting until next sessions reap interval","attr":{"error":"NamespaceNotFound: config.system.sessions does not exist"}}
2026-03-04T01:50:29.953+05:30  INFO 11432 --- [mediscan-backend] [       Thread-3] d.f.e.m.s.autoconfigure.EmbeddedMongo    : {"t":{"$date":"2026-03-04T01:50:29.953+05:30"},"s":"I",  "c":"STORAGE",  "id":20320,   "ctx":"LogicalSessionCacheRefresh","msg":"createCollection","attr":{"namespace":"config.system.sessions","uuidDisposition":"generated","uuid":{"uuid":{"$uuid":"19bb2e68-40a6-472b-9f96-a31045d1caf7"}},"options":{}}}
2026-03-04T01:50:29.954+05:30  INFO 11432 --- [mediscan-backend] [       Thread-3] d.f.e.m.s.autoconfigure.EmbeddedMongo    : {"t":{"$date":"2026-03-04T01:50:29.953+05:30"},"s":"I",  "c":"NETWORK",  "id":23015,   "ctx":"listener","msg":"Listening on","attr":{"address":"127.0.0.1"}}
2026-03-04T01:50:29.954+05:30  INFO 11432 --- [mediscan-backend] [       Thread-3] d.f.e.m.s.autoconfigure.EmbeddedMongo    : {"t":{"$date":"2026-03-04T01:50:29.954+05:30"},"s":"I",  "c":"NETWORK",  "id":23016,   "ctx":"listener","msg":"Waiting for connections","attr":{"port":52909,"ssl":"off"}}
2026-03-04T01:50:30.007+05:30  INFO 11432 --- [mediscan-backend] [       Thread-3] d.f.e.m.s.autoconfigure.EmbeddedMongo    : {"t":{"$date":"2026-03-04T01:50:30.008+05:30"},"s":"I",  "c":"INDEX",    "id":20345,   "ctx":"LogicalSessionCacheRefresh","msg":"Index build: done building","attr":{"buildUUID":null,"namespace":"config.system.sessions","index":"_id_","commitTimestamp":null}}
2026-03-04T01:50:30.008+05:30  INFO 11432 --- [mediscan-backend] [       Thread-3] d.f.e.m.s.autoconfigure.EmbeddedMongo    : {"t":{"$date":"2026-03-04T01:50:30.008+05:30"},"s":"I",  "c":"INDEX",    "id":20345,   "ctx":"LogicalSessionCacheRefresh","msg":"Index build: done building","attr":{"buildUUID":null,"namespace":"config.system.sessions","index":"lsidTTLIndex","commitTimestamp":null}}
2026-03-04T01:50:30.307+05:30  INFO 11432 --- [mediscan-backend] [       Thread-3] d.f.e.m.s.autoconfigure.EmbeddedMongo    : {"t":{"$date":"2026-03-04T01:50:30.306+05:30"},"s":"I",  "c":"NETWORK",  "id":22943,   "ctx":"listener","msg":"Connection accepted","attr":{"remote":"127.0.0.1:52914","uuid":"f87a7a4c-c38d-4de3-aa37-81eecc4baebd","connectionId":1,"connectionCount":1}}
2026-03-04T01:50:30.307+05:30  INFO 11432 --- [mediscan-backend] [       Thread-3] d.f.e.m.s.autoconfigure.EmbeddedMongo    : {"t":{"$date":"2026-03-04T01:50:30.307+05:30"},"s":"I",  "c":"NETWORK",  "id":22943,   "ctx":"listener","msg":"Connection accepted","attr":{"remote":"127.0.0.1:52913","uuid":"90e7b754-66ca-4062-a1ba-18a29a6771c8","connectionId":2,"connectionCount":2}}
2026-03-04T01:50:30.316+05:30  INFO 11432 --- [mediscan-backend] [           main] org.mongodb.driver.client                : MongoClient with metadata {"driver": {"name": "mongo-java-driver|sync|spring-boot", "version": "4.11.1"}, "os": {"type": "Windows", "name": "Windows 11", "architecture": "amd64", "version": "10.0"}, "platform": "Java/Eclipse Adoptium/17.0.17+10"} created with settings MongoClientSettings{readPreference=primary, writeConcern=WriteConcern{w=null, wTimeout=null ms, journal=null}, retryWrites=true, retryReads=true, readConcern=ReadConcern{level=null}, credential=null, transportSettings=null, streamFactoryFactory=null, commandListeners=[io.micrometer.core.instrument.binder.mongodb.MongoMetricsCommandListener@35570a84], codecRegistry=ProvidersCodecRegistry{codecProviders=[ValueCodecProvider{}, BsonValueCodecProvider{}, DBRefCodecProvider{}, DBObjectCodecProvider{}, DocumentCodecProvider{}, CollectionCodecProvider{}, IterableCodecProvider{}, MapCodecProvider{}, GeoJsonCodecProvider{}, GridFSFileCodecProvider{}, Jsr310CodecProvider{}, JsonObjectCodecProvider{}, BsonCodecProvider{}, EnumCodecProvider{}, com.mongodb.client.model.mql.ExpressionCodecProvider@308bd473, com.mongodb.Jep395RecordCodecProvider@7d0ae3d1, com.mongodb.KotlinCodecProvider@2114955c]}, loggerSettings=LoggerSettings{maxDocumentLength=1000}, clusterSettings={hosts=[kubernetes.docker.internal:52909], srvServiceName=mongodb, mode=SINGLE, requiredClusterType=UNKNOWN, requiredReplicaSetName='null', serverSelector='null', clusterListeners='[]', serverSelectionTimeout='30000 ms', localThreshold='15 ms'}, socketSettings=SocketSettings{connectTimeoutMS=10000, readTimeoutMS=0, receiveBufferSize=0, proxySettings=ProxySettings{host=null, port=null, username=null, password=null}}, heartbeatSocketSettings=SocketSettings{connectTimeoutMS=10000, readTimeoutMS=10000, receiveBufferSize=0, proxySettings=ProxySettings{host=null, port=null, username=null, password=null}}, connectionPoolSettings=ConnectionPoolSettings{maxSize=100, minSize=0, maxWaitTimeMS=120000, maxConnectionLifeTimeMS=0, maxConnectionIdleTimeMS=0, maintenanceInitialDelayMS=0, maintenanceFrequencyMS=60000, connectionPoolListeners=[io.micrometer.core.instrument.binder.mongodb.MongoMetricsConnectionPoolListener@21aa0ec5], maxConnecting=2}, serverSettings=ServerSettings{heartbeatFrequencyMS=10000, minHeartbeatFrequencyMS=500, serverListeners='[]', serverMonitorListeners='[]'}, sslSettings=SslSettings{enabled=false, invalidHostNameAllowed=false, context=null}, applicationName='null', compressorList=[], uuidRepresentation=JAVA_LEGACY, serverApi=null, autoEncryptionSettings=null, dnsClient=null, inetAddressResolver=null, contextProvider=null}
2026-03-04T01:50:30.327+05:30  INFO 11432 --- [mediscan-backend] [       Thread-3] d.f.e.m.s.autoconfigure.EmbeddedMongo    : {"t":{"$date":"2026-03-04T01:50:30.327+05:30"},"s":"I",  "c":"NETWORK",  "id":51800,   "ctx":"conn1","msg":"client metadata","attr":{"remote":"127.0.0.1:52914","client":"conn1","doc":{"driver":{"name":"mongo-java-driver|sync|spring-boot","version":"4.11.1"},"os":{"type":"Windows","name":"Windows 11","architecture":"amd64","version":"10.0"},"platform":"Java/Eclipse Adoptium/17.0.17+10"}}}
2026-03-04T01:50:30.328+05:30  INFO 11432 --- [mediscan-backend] [       Thread-3] d.f.e.m.s.autoconfigure.EmbeddedMongo    : {"t":{"$date":"2026-03-04T01:50:30.327+05:30"},"s":"I",  "c":"NETWORK",  "id":51800,   "ctx":"conn2","msg":"client metadata","attr":{"remote":"127.0.0.1:52913","client":"conn2","doc":{"driver":{"name":"mongo-java-driver|sync|spring-boot","version":"4.11.1"},"os":{"type":"Windows","name":"Windows 11","architecture":"amd64","version":"10.0"},"platform":"Java/Eclipse Adoptium/17.0.17+10"}}}
2026-03-04T01:50:30.351+05:30  INFO 11432 --- [mediscan-backend] [.internal:52909] org.mongodb.driver.cluster               : Monitor thread successfully connected to server with description ServerDescription{address=kubernetes.docker.internal:52909, type=STANDALONE, state=CONNECTED, ok=true, minWireVersion=0, maxWireVersion=13, maxDocumentSize=16777216, logicalSessionTimeoutMinutes=30, roundTripTimeNanos=41491100}
2026-03-04T01:50:30.998+05:30  INFO 11432 --- [mediscan-backend] [       Thread-3] d.f.e.m.s.autoconfigure.EmbeddedMongo    : {"t":{"$date":"2026-03-04T01:50:30.998+05:30"},"s":"I",  "c":"NETWORK",  "id":22943,   "ctx":"listener","msg":"Connection accepted","attr":{"remote":"127.0.0.1:52915","uuid":"99da0932-42d9-4a18-9ddb-ce1829d6f2bb","connectionId":3,"connectionCount":3}}
2026-03-04T01:50:31.003+05:30  INFO 11432 --- [mediscan-backend] [       Thread-3] d.f.e.m.s.autoconfigure.EmbeddedMongo    : {"t":{"$date":"2026-03-04T01:50:31.000+05:30"},"s":"I",  "c":"NETWORK",  "id":51800,   "ctx":"conn3","msg":"client metadata","attr":{"remote":"127.0.0.1:52915","client":"conn3","doc":{"driver":{"name":"mongo-java-driver|sync|spring-boot","version":"4.11.1"},"os":{"type":"Windows","name":"Windows 11","architecture":"amd64","version":"10.0"},"platform":"Java/Eclipse Adoptium/17.0.17+10"}}}
2026-03-04T01:50:31.038+05:30  INFO 11432 --- [mediscan-backend] [       Thread-3] d.f.e.m.s.autoconfigure.EmbeddedMongo    : {"t":{"$date":"2026-03-04T01:50:31.038+05:30"},"s":"I",  "c":"STORAGE",  "id":20320,   "ctx":"conn3","msg":"createCollection","attr":{"namespace":"test.reminder_history","uuidDisposition":"generated","uuid":{"uuid":{"$uuid":"6f8295f4-4194-4d4b-962a-7119a563ff9b"}},"options":{}}}
2026-03-04T01:50:31.134+05:30  INFO 11432 --- [mediscan-backend] [       Thread-3] d.f.e.m.s.autoconfigure.EmbeddedMongo    : {"t":{"$date":"2026-03-04T01:50:31.133+05:30"},"s":"I",  "c":"INDEX",    "id":20345,   "ctx":"conn3","msg":"Index build: done building","attr":{"buildUUID":null,"namespace":"test.reminder_history","index":"_id_","commitTimestamp":null}}
2026-03-04T01:50:31.135+05:30  INFO 11432 --- [mediscan-backend] [       Thread-3] d.f.e.m.s.autoconfigure.EmbeddedMongo    : {"t":{"$date":"2026-03-04T01:50:31.133+05:30"},"s":"I",  "c":"INDEX",    "id":20345,   "ctx":"conn3","msg":"Index build: done building","attr":{"buildUUID":null,"namespace":"test.reminder_history","index":"reminderId","commitTimestamp":null}}
2026-03-04T01:50:31.164+05:30  INFO 11432 --- [mediscan-backend] [       Thread-3] d.f.e.m.s.autoconfigure.EmbeddedMongo    : {"t":{"$date":"2026-03-04T01:50:31.164+05:30"},"s":"I",  "c":"INDEX",    "id":20438,   "ctx":"conn3","msg":"Index build: registering","attr":{"buildUUID":{"uuid":{"$uuid":"6e4f0a7c-fa23-439c-a9a1-f18f328361bd"}},"namespace":"test.reminder_history","collectionUUID":{"uuid":{"$uuid":"6f8295f4-4194-4d4b-962a-7119a563ff9b"}},"indexes":1,"firstIndex":{"name":"userId"}}}
2026-03-04T01:50:31.177+05:30  INFO 11432 --- [mediscan-backend] [       Thread-3] d.f.e.m.s.autoconfigure.EmbeddedMongo    : {"t":{"$date":"2026-03-04T01:50:31.177+05:30"},"s":"I",  "c":"INDEX",    "id":20345,   "ctx":"conn3","msg":"Index build: done building","attr":{"buildUUID":null,"namespace":"test.reminder_history","index":"userId","commitTimestamp":null}}
2026-03-04T01:50:31.178+05:30  INFO 11432 --- [mediscan-backend] [       Thread-3] d.f.e.m.s.autoconfigure.EmbeddedMongo    : {"t":{"$date":"2026-03-04T01:50:31.177+05:30"},"s":"I",  "c":"INDEX",    "id":20440,   "ctx":"conn3","msg":"Index build: waiting for index build to complete","attr":{"buildUUID":{"uuid":{"$uuid":"6e4f0a7c-fa23-439c-a9a1-f18f328361bd"}},"deadline":{"$date":{"$numberLong":"9223372036854775807"}}}}
2026-03-04T01:50:31.178+05:30  INFO 11432 --- [mediscan-backend] [       Thread-3] d.f.e.m.s.autoconfigure.EmbeddedMongo    : {"t":{"$date":"2026-03-04T01:50:31.177+05:30"},"s":"I",  "c":"INDEX",    "id":20447,   "ctx":"conn3","msg":"Index build: completed","attr":{"buildUUID":{"uuid":{"$uuid":"6e4f0a7c-fa23-439c-a9a1-f18f328361bd"}}}}
2026-03-04T01:50:31.182+05:30  INFO 11432 --- [mediscan-backend] [       Thread-3] d.f.e.m.s.autoconfigure.EmbeddedMongo    : {"t":{"$date":"2026-03-04T01:50:31.182+05:30"},"s":"I",  "c":"INDEX",    "id":20438,   "ctx":"conn3","msg":"Index build: registering","attr":{"buildUUID":{"uuid":{"$uuid":"8650cc0a-4789-4ae4-b9e4-f83e0bf7a662"}},"namespace":"test.reminder_history","collectionUUID":{"uuid":{"$uuid":"6f8295f4-4194-4d4b-962a-7119a563ff9b"}},"indexes":1,"firstIndex":{"name":"timestamp"}}}
2026-03-04T01:50:31.207+05:30  INFO 11432 --- [mediscan-backend] [       Thread-3] d.f.e.m.s.autoconfigure.EmbeddedMongo    : {"t":{"$date":"2026-03-04T01:50:31.205+05:30"},"s":"I",  "c":"INDEX",    "id":20345,   "ctx":"conn3","msg":"Index build: done building","attr":{"buildUUID":null,"namespace":"test.reminder_history","index":"timestamp","commitTimestamp":null}}
2026-03-04T01:50:31.208+05:30  INFO 11432 --- [mediscan-backend] [       Thread-3] d.f.e.m.s.autoconfigure.EmbeddedMongo    : {"t":{"$date":"2026-03-04T01:50:31.206+05:30"},"s":"I",  "c":"INDEX",    "id":20440,   "ctx":"conn3","msg":"Index build: waiting for index build to complete","attr":{"buildUUID":{"uuid":{"$uuid":"8650cc0a-4789-4ae4-b9e4-f83e0bf7a662"}},"deadline":{"$date":{"$numberLong":"9223372036854775807"}}}}
2026-03-04T01:50:31.208+05:30  INFO 11432 --- [mediscan-backend] [       Thread-3] d.f.e.m.s.autoconfigure.EmbeddedMongo    : {"t":{"$date":"2026-03-04T01:50:31.206+05:30"},"s":"I",  "c":"INDEX",    "id":20447,   "ctx":"conn3","msg":"Index build: completed","attr":{"buildUUID":{"uuid":{"$uuid":"8650cc0a-4789-4ae4-b9e4-f83e0bf7a662"}}}}
2026-03-04T01:50:31.490+05:30  INFO 11432 --- [mediscan-backend] [           main] o.s.b.a.e.web.EndpointLinksResolver      : Exposing 1 endpoint(s) beneath base path '/actuator'
2026-03-04T01:50:31.781+05:30  INFO 11432 --- [mediscan-backend] [           main] o.s.t.web.servlet.TestDispatcherServlet  : Completed initialization in 4474 ms
2026-03-04T01:50:31.969+05:30  INFO 11432 --- [mediscan-backend] [           main] o.s.d.j.r.query.QueryEnhancerFactory     : Hibernate is in classpath; If applicable, HQL parser will be used.
2026-03-04T01:50:33.186+05:30  INFO 11432 --- [mediscan-backend] [           main] o.s.s.web.DefaultSecurityFilterChain     : Will secure any request with [org.springframework.security.web.session.DisableEncodeUrlFilter@12550aaf, org.springframework.security.web.context.request.async.WebAsyncManagerIntegrationFilter@784bb800, org.springframework.security.web.context.SecurityContextHolderFilter@2cad213d, org.springframework.security.web.header.HeaderWriterFilter@71ef979e, org.springframework.web.filter.CorsFilter@2c27d6e5, org.springframework.security.web.authentication.logout.LogoutFilter@513156fd, com.mediscan.auth.security.JwtFilter@32c7495, org.springframework.security.web.savedrequest.RequestCacheAwareFilter@350a7383, org.springframework.security.web.servletapi.SecurityContextHolderAwareRequestFilter@6edbdbed, org.springframework.security.web.authentication.AnonymousAuthenticationFilter@3eebbbf5, org.springframework.security.web.session.SessionManagementFilter@73372652, org.springframework.security.web.access.ExceptionTranslationFilter@3c802d25, org.springframework.security.web.access.intercept.AuthorizationFilter@694adaac]
2026-03-04T01:50:34.044+05:30  INFO 11432 --- [mediscan-backend] [           main] o.s.b.w.embedded.tomcat.TomcatWebServer  : Tomcat started on port 52916 (http) with context path ''
2026-03-04T01:50:34.110+05:30 ERROR 11432 --- [mediscan-backend] [   scheduling-1] n.j.s.p.j.JdbcTemplateStorageAccessor    : Unexpected exception

org.springframework.jdbc.BadSqlGrammarException: PreparedStatementCallback; bad SQL grammar [INSERT INTO shedlock(name, lock_until, locked_at, locked_by) VALUES(?, TIMESTAMPADD(MICROSECOND, ?, CURRENT_TIMESTAMP(3)), CURRENT_TIMESTAMP(3), ?)]
	at org.springframework.jdbc.support.SQLExceptionSubclassTranslator.doTranslate(SQLExceptionSubclassTranslator.java:103) ~[spring-jdbc-6.1.2.jar:6.1.2]
	at org.springframework.jdbc.support.AbstractFallbackSQLExceptionTranslator.translate(AbstractFallbackSQLExceptionTranslator.java:107) ~[spring-jdbc-6.1.2.jar:6.1.2]
	at org.springframework.jdbc.core.JdbcTemplate.translateException(JdbcTemplate.java:1548) ~[spring-jdbc-6.1.2.jar:6.1.2]
	at org.springframework.jdbc.core.JdbcTemplate.execute(JdbcTemplate.java:677) ~[spring-jdbc-6.1.2.jar:6.1.2]
	at org.springframework.jdbc.core.JdbcTemplate.update(JdbcTemplate.java:970) ~[spring-jdbc-6.1.2.jar:6.1.2]
	at org.springframework.jdbc.core.JdbcTemplate.update(JdbcTemplate.java:991) ~[spring-jdbc-6.1.2.jar:6.1.2]
	at org.springframework.jdbc.core.namedparam.NamedParameterJdbcTemplate.update(NamedParameterJdbcTemplate.java:337) ~[spring-jdbc-6.1.2.jar:6.1.2]
	at org.springframework.jdbc.core.namedparam.NamedParameterJdbcTemplate.update(NamedParameterJdbcTemplate.java:342) ~[spring-jdbc-6.1.2.jar:6.1.2]
	at net.javacrumbs.shedlock.provider.jdbctemplate.JdbcTemplateStorageAccessor.lambda$execute$0(JdbcTemplateStorageAccessor.java:115) ~[shedlock-provider-jdbc-template-5.10.0.jar:na]
	at org.springframework.transaction.support.TransactionTemplate.execute(TransactionTemplate.java:140) ~[spring-tx-6.1.2.jar:6.1.2]
	at net.javacrumbs.shedlock.provider.jdbctemplate.JdbcTemplateStorageAccessor.execute(JdbcTemplateStorageAccessor.java:115) ~[shedlock-provider-jdbc-template-5.10.0.jar:na]
	at net.javacrumbs.shedlock.provider.jdbctemplate.JdbcTemplateStorageAccessor.insertRecord(JdbcTemplateStorageAccessor.java:64) ~[shedlock-provider-jdbc-template-5.10.0.jar:na]
	at net.javacrumbs.shedlock.support.StorageBasedLockProvider.doLock(StorageBasedLockProvider.java:72) ~[shedlock-core-5.10.0.jar:na]
	at net.javacrumbs.shedlock.support.StorageBasedLockProvider.lock(StorageBasedLockProvider.java:55) ~[shedlock-core-5.10.0.jar:na]
	at java.base/jdk.internal.reflect.NativeMethodAccessorImpl.invoke0(Native Method) ~[na:na]
	at java.base/jdk.internal.reflect.NativeMethodAccessorImpl.invoke(NativeMethodAccessorImpl.java:77) ~[na:na]
	at java.base/jdk.internal.reflect.DelegatingMethodAccessorImpl.invoke(DelegatingMethodAccessorImpl.java:43) ~[na:na]
	at java.base/java.lang.reflect.Method.invoke(Method.java:569) ~[na:na]
	at org.springframework.aop.support.AopUtils.invokeJoinpointUsingReflection(AopUtils.java:352) ~[spring-aop-6.1.2.jar:6.1.2]
	at org.springframework.aop.framework.JdkDynamicAopProxy.invoke(JdkDynamicAopProxy.java:242) ~[spring-aop-6.1.2.jar:6.1.2]
	at jdk.proxy2/jdk.proxy2.$Proxy133.lock(Unknown Source) ~[na:na]
	at net.javacrumbs.shedlock.core.DefaultLockingTaskExecutor.executeWithLock(DefaultLockingTaskExecutor.java:63) ~[shedlock-core-5.10.0.jar:na]
	at net.javacrumbs.shedlock.spring.aop.MethodProxyScheduledLockAdvisor$LockingInterceptor.invoke(MethodProxyScheduledLockAdvisor.java:79) ~[shedlock-spring-5.10.0.jar:na]
	at org.springframework.aop.framework.ReflectiveMethodInvocation.proceed(ReflectiveMethodInvocation.java:184) ~[spring-aop-6.1.2.jar:6.1.2]
	at org.springframework.aop.framework.CglibAopProxy$CglibMethodInvocation.proceed(CglibAopProxy.java:765) ~[spring-aop-6.1.2.jar:6.1.2]
	at org.springframework.aop.framework.CglibAopProxy$DynamicAdvisedInterceptor.intercept(CglibAopProxy.java:717) ~[spring-aop-6.1.2.jar:6.1.2]
	at com.mediscan.notification.service.NotificationScheduler$$SpringCGLIB$$0.checkDueReminders(<generated>) ~[classes/:na]
	at java.base/jdk.internal.reflect.NativeMethodAccessorImpl.invoke0(Native Method) ~[na:na]
	at java.base/jdk.internal.reflect.NativeMethodAccessorImpl.invoke(NativeMethodAccessorImpl.java:77) ~[na:na]
	at java.base/jdk.internal.reflect.DelegatingMethodAccessorImpl.invoke(DelegatingMethodAccessorImpl.java:43) ~[na:na]
	at java.base/java.lang.reflect.Method.invoke(Method.java:569) ~[na:na]
	at org.springframework.scheduling.support.ScheduledMethodRunnable.runInternal(ScheduledMethodRunnable.java:130) ~[spring-context-6.1.2.jar:6.1.2]
	at org.springframework.scheduling.support.ScheduledMethodRunnable.lambda$run$2(ScheduledMethodRunnable.java:124) ~[spring-context-6.1.2.jar:6.1.2]
	at io.micrometer.observation.Observation.observe(Observation.java:499) ~[micrometer-observation-1.12.1.jar:1.12.1]
	at org.springframework.scheduling.support.ScheduledMethodRunnable.run(ScheduledMethodRunnable.java:124) ~[spring-context-6.1.2.jar:6.1.2]
	at org.springframework.scheduling.support.DelegatingErrorHandlingRunnable.run(DelegatingErrorHandlingRunnable.java:54) ~[spring-context-6.1.2.jar:6.1.2]
	at java.base/java.util.concurrent.Executors$RunnableAdapter.call(Executors.java:539) ~[na:na]
	at java.base/java.util.concurrent.FutureTask.runAndReset(FutureTask.java:305) ~[na:na]
	at java.base/java.util.concurrent.ScheduledThreadPoolExecutor$ScheduledFutureTask.run(ScheduledThreadPoolExecutor.java:305) ~[na:na]
	at java.base/java.util.concurrent.ThreadPoolExecutor.runWorker(ThreadPoolExecutor.java:1136) ~[na:na]
	at java.base/java.util.concurrent.ThreadPoolExecutor$Worker.run(ThreadPoolExecutor.java:635) ~[na:na]
	at java.base/java.lang.Thread.run(Thread.java:840) ~[na:na]
Caused by: org.h2.jdbc.JdbcSQLSyntaxErrorException: Table "SHEDLOCK" not found; SQL statement:
INSERT INTO shedlock(name, lock_until, locked_at, locked_by) VALUES(?, TIMESTAMPADD(MICROSECOND, ?, CURRENT_TIMESTAMP(3)), CURRENT_TIMESTAMP(3), ?) [42102-224]
	at org.h2.message.DbException.getJdbcSQLException(DbException.java:514) ~[h2-2.2.224.jar:2.2.224]
	at org.h2.message.DbException.getJdbcSQLException(DbException.java:489) ~[h2-2.2.224.jar:2.2.224]
	at org.h2.message.DbException.get(DbException.java:223) ~[h2-2.2.224.jar:2.2.224]
	at org.h2.message.DbException.get(DbException.java:199) ~[h2-2.2.224.jar:2.2.224]
	at org.h2.command.Parser.getTableOrViewNotFoundDbException(Parser.java:8064) ~[h2-2.2.224.jar:2.2.224]
	at org.h2.command.Parser.getTableOrViewNotFoundDbException(Parser.java:8035) ~[h2-2.2.224.jar:2.2.224]
	at org.h2.command.Parser.readTableOrView(Parser.java:8024) ~[h2-2.2.224.jar:2.2.224]
	at org.h2.command.Parser.readTableOrView(Parser.java:7990) ~[h2-2.2.224.jar:2.2.224]
	at org.h2.command.Parser.parseInsert(Parser.java:1540) ~[h2-2.2.224.jar:2.2.224]
	at org.h2.command.Parser.parsePrepared(Parser.java:719) ~[h2-2.2.224.jar:2.2.224]
	at org.h2.command.Parser.parse(Parser.java:592) ~[h2-2.2.224.jar:2.2.224]
	at org.h2.command.Parser.parse(Parser.java:564) ~[h2-2.2.224.jar:2.2.224]
	at org.h2.command.Parser.prepareCommand(Parser.java:483) ~[h2-2.2.224.jar:2.2.224]
	at org.h2.engine.SessionLocal.prepareLocal(SessionLocal.java:639) ~[h2-2.2.224.jar:2.2.224]
	at org.h2.engine.SessionLocal.prepareCommand(SessionLocal.java:559) ~[h2-2.2.224.jar:2.2.224]
	at org.h2.jdbc.JdbcConnection.prepareCommand(JdbcConnection.java:1166) ~[h2-2.2.224.jar:2.2.224]
	at org.h2.jdbc.JdbcPreparedStatement.<init>(JdbcPreparedStatement.java:93) ~[h2-2.2.224.jar:2.2.224]
	at org.h2.jdbc.JdbcConnection.prepareStatement(JdbcConnection.java:316) ~[h2-2.2.224.jar:2.2.224]
	at com.zaxxer.hikari.pool.ProxyConnection.prepareStatement(ProxyConnection.java:327) ~[HikariCP-5.0.1.jar:na]
	at com.zaxxer.hikari.pool.HikariProxyConnection.prepareStatement(HikariProxyConnection.java) ~[HikariCP-5.0.1.jar:na]
	at org.springframework.jdbc.core.PreparedStatementCreatorFactory$PreparedStatementCreatorImpl.createPreparedStatement(PreparedStatementCreatorFactory.java:239) ~[spring-jdbc-6.1.2.jar:6.1.2]
	at org.springframework.jdbc.core.JdbcTemplate.execute(JdbcTemplate.java:656) ~[spring-jdbc-6.1.2.jar:6.1.2]
	... 38 common frames omitted

2026-03-04T01:50:34.121+05:30 ERROR 11432 --- [mediscan-backend] [   scheduling-1] o.s.s.s.TaskUtils$LoggingErrorHandler    : Unexpected error occurred in scheduled task

org.springframework.jdbc.BadSqlGrammarException: PreparedStatementCallback; bad SQL grammar [UPDATE shedlock SET lock_until = TIMESTAMPADD(MICROSECOND, ?, CURRENT_TIMESTAMP(3)), locked_at = CURRENT_TIMESTAMP(3), locked_by = ? WHERE name = ? AND lock_until <= CURRENT_TIMESTAMP(3)]
	at org.springframework.jdbc.support.SQLExceptionSubclassTranslator.doTranslate(SQLExceptionSubclassTranslator.java:103) ~[spring-jdbc-6.1.2.jar:6.1.2]
	at org.springframework.jdbc.support.AbstractFallbackSQLExceptionTranslator.translate(AbstractFallbackSQLExceptionTranslator.java:107) ~[spring-jdbc-6.1.2.jar:6.1.2]
	at org.springframework.jdbc.core.JdbcTemplate.translateException(JdbcTemplate.java:1548) ~[spring-jdbc-6.1.2.jar:6.1.2]
	at org.springframework.jdbc.core.JdbcTemplate.execute(JdbcTemplate.java:677) ~[spring-jdbc-6.1.2.jar:6.1.2]
	at org.springframework.jdbc.core.JdbcTemplate.update(JdbcTemplate.java:970) ~[spring-jdbc-6.1.2.jar:6.1.2]
	at org.springframework.jdbc.core.JdbcTemplate.update(JdbcTemplate.java:991) ~[spring-jdbc-6.1.2.jar:6.1.2]
	at org.springframework.jdbc.core.namedparam.NamedParameterJdbcTemplate.update(NamedParameterJdbcTemplate.java:337) ~[spring-jdbc-6.1.2.jar:6.1.2]
	at org.springframework.jdbc.core.namedparam.NamedParameterJdbcTemplate.update(NamedParameterJdbcTemplate.java:342) ~[spring-jdbc-6.1.2.jar:6.1.2]
	at net.javacrumbs.shedlock.provider.jdbctemplate.JdbcTemplateStorageAccessor.lambda$execute$0(JdbcTemplateStorageAccessor.java:115) ~[shedlock-provider-jdbc-template-5.10.0.jar:na]
	at org.springframework.transaction.support.TransactionTemplate.execute(TransactionTemplate.java:140) ~[spring-tx-6.1.2.jar:6.1.2]
	at net.javacrumbs.shedlock.provider.jdbctemplate.JdbcTemplateStorageAccessor.execute(JdbcTemplateStorageAccessor.java:115) ~[shedlock-provider-jdbc-template-5.10.0.jar:na]
	at net.javacrumbs.shedlock.provider.jdbctemplate.JdbcTemplateStorageAccessor.updateRecord(JdbcTemplateStorageAccessor.java:78) ~[shedlock-provider-jdbc-template-5.10.0.jar:na]
	at net.javacrumbs.shedlock.support.StorageBasedLockProvider.doLock(StorageBasedLockProvider.java:85) ~[shedlock-core-5.10.0.jar:na]
	at net.javacrumbs.shedlock.support.StorageBasedLockProvider.lock(StorageBasedLockProvider.java:55) ~[shedlock-core-5.10.0.jar:na]
	at java.base/jdk.internal.reflect.NativeMethodAccessorImpl.invoke0(Native Method) ~[na:na]
	at java.base/jdk.internal.reflect.NativeMethodAccessorImpl.invoke(NativeMethodAccessorImpl.java:77) ~[na:na]
	at java.base/jdk.internal.reflect.DelegatingMethodAccessorImpl.invoke(DelegatingMethodAccessorImpl.java:43) ~[na:na]
	at java.base/java.lang.reflect.Method.invoke(Method.java:569) ~[na:na]
	at org.springframework.aop.support.AopUtils.invokeJoinpointUsingReflection(AopUtils.java:352) ~[spring-aop-6.1.2.jar:6.1.2]
	at org.springframework.aop.framework.JdkDynamicAopProxy.invoke(JdkDynamicAopProxy.java:242) ~[spring-aop-6.1.2.jar:6.1.2]
	at jdk.proxy2/jdk.proxy2.$Proxy133.lock(Unknown Source) ~[na:na]
	at net.javacrumbs.shedlock.core.DefaultLockingTaskExecutor.executeWithLock(DefaultLockingTaskExecutor.java:63) ~[shedlock-core-5.10.0.jar:na]
	at net.javacrumbs.shedlock.spring.aop.MethodProxyScheduledLockAdvisor$LockingInterceptor.invoke(MethodProxyScheduledLockAdvisor.java:79) ~[shedlock-spring-5.10.0.jar:na]
	at org.springframework.aop.framework.ReflectiveMethodInvocation.proceed(ReflectiveMethodInvocation.java:184) ~[spring-aop-6.1.2.jar:6.1.2]
	at org.springframework.aop.framework.CglibAopProxy$CglibMethodInvocation.proceed(CglibAopProxy.java:765) ~[spring-aop-6.1.2.jar:6.1.2]
	at org.springframework.aop.framework.CglibAopProxy$DynamicAdvisedInterceptor.intercept(CglibAopProxy.java:717) ~[spring-aop-6.1.2.jar:6.1.2]
	at com.mediscan.notification.service.NotificationScheduler$$SpringCGLIB$$0.checkDueReminders(<generated>) ~[classes/:na]
	at java.base/jdk.internal.reflect.NativeMethodAccessorImpl.invoke0(Native Method) ~[na:na]
	at java.base/jdk.internal.reflect.NativeMethodAccessorImpl.invoke(NativeMethodAccessorImpl.java:77) ~[na:na]
	at java.base/jdk.internal.reflect.DelegatingMethodAccessorImpl.invoke(DelegatingMethodAccessorImpl.java:43) ~[na:na]
	at java.base/java.lang.reflect.Method.invoke(Method.java:569) ~[na:na]
	at org.springframework.scheduling.support.ScheduledMethodRunnable.runInternal(ScheduledMethodRunnable.java:130) ~[spring-context-6.1.2.jar:6.1.2]
	at org.springframework.scheduling.support.ScheduledMethodRunnable.lambda$run$2(ScheduledMethodRunnable.java:124) ~[spring-context-6.1.2.jar:6.1.2]
	at io.micrometer.observation.Observation.observe(Observation.java:499) ~[micrometer-observation-1.12.1.jar:1.12.1]
	at org.springframework.scheduling.support.ScheduledMethodRunnable.run(ScheduledMethodRunnable.java:124) ~[spring-context-6.1.2.jar:6.1.2]
	at org.springframework.scheduling.support.DelegatingErrorHandlingRunnable.run(DelegatingErrorHandlingRunnable.java:54) ~[spring-context-6.1.2.jar:6.1.2]
	at java.base/java.util.concurrent.Executors$RunnableAdapter.call(Executors.java:539) ~[na:na]
	at java.base/java.util.concurrent.FutureTask.runAndReset(FutureTask.java:305) ~[na:na]
	at java.base/java.util.concurrent.ScheduledThreadPoolExecutor$ScheduledFutureTask.run(ScheduledThreadPoolExecutor.java:305) ~[na:na]
	at java.base/java.util.concurrent.ThreadPoolExecutor.runWorker(ThreadPoolExecutor.java:1136) ~[na:na]
	at java.base/java.util.concurrent.ThreadPoolExecutor$Worker.run(ThreadPoolExecutor.java:635) ~[na:na]
	at java.base/java.lang.Thread.run(Thread.java:840) ~[na:na]
Caused by: org.h2.jdbc.JdbcSQLSyntaxErrorException: Table "SHEDLOCK" not found; SQL statement:
UPDATE shedlock SET lock_until = TIMESTAMPADD(MICROSECOND, ?, CURRENT_TIMESTAMP(3)), locked_at = CURRENT_TIMESTAMP(3), locked_by = ? WHERE name = ? AND lock_until <= CURRENT_TIMESTAMP(3) [42102-224]
	at org.h2.message.DbException.getJdbcSQLException(DbException.java:514) ~[h2-2.2.224.jar:2.2.224]
	at org.h2.message.DbException.getJdbcSQLException(DbException.java:489) ~[h2-2.2.224.jar:2.2.224]
	at org.h2.message.DbException.get(DbException.java:223) ~[h2-2.2.224.jar:2.2.224]
	at org.h2.message.DbException.get(DbException.java:199) ~[h2-2.2.224.jar:2.2.224]
	at org.h2.command.Parser.getTableOrViewNotFoundDbException(Parser.java:8064) ~[h2-2.2.224.jar:2.2.224]
	at org.h2.command.Parser.getTableOrViewNotFoundDbException(Parser.java:8035) ~[h2-2.2.224.jar:2.2.224]
	at org.h2.command.Parser.readTableOrView(Parser.java:8024) ~[h2-2.2.224.jar:2.2.224]
	at org.h2.command.Parser.readTableOrView(Parser.java:7990) ~[h2-2.2.224.jar:2.2.224]
	at org.h2.command.Parser.readSimpleTableFilter(Parser.java:1094) ~[h2-2.2.224.jar:2.2.224]
	at org.h2.command.Parser.parseUpdate(Parser.java:1018) ~[h2-2.2.224.jar:2.2.224]
	at org.h2.command.Parser.parsePrepared(Parser.java:765) ~[h2-2.2.224.jar:2.2.224]
	at org.h2.command.Parser.parse(Parser.java:592) ~[h2-2.2.224.jar:2.2.224]
	at org.h2.command.Parser.parse(Parser.java:564) ~[h2-2.2.224.jar:2.2.224]
	at org.h2.command.Parser.prepareCommand(Parser.java:483) ~[h2-2.2.224.jar:2.2.224]
	at org.h2.engine.SessionLocal.prepareLocal(SessionLocal.java:639) ~[h2-2.2.224.jar:2.2.224]
	at org.h2.engine.SessionLocal.prepareCommand(SessionLocal.java:559) ~[h2-2.2.224.jar:2.2.224]
	at org.h2.jdbc.JdbcConnection.prepareCommand(JdbcConnection.java:1166) ~[h2-2.2.224.jar:2.2.224]
	at org.h2.jdbc.JdbcPreparedStatement.<init>(JdbcPreparedStatement.java:93) ~[h2-2.2.224.jar:2.2.224]
	at org.h2.jdbc.JdbcConnection.prepareStatement(JdbcConnection.java:316) ~[h2-2.2.224.jar:2.2.224]
	at com.zaxxer.hikari.pool.ProxyConnection.prepareStatement(ProxyConnection.java:327) ~[HikariCP-5.0.1.jar:na]
	at com.zaxxer.hikari.pool.HikariProxyConnection.prepareStatement(HikariProxyConnection.java) ~[HikariCP-5.0.1.jar:na]
	at org.springframework.jdbc.core.PreparedStatementCreatorFactory$PreparedStatementCreatorImpl.createPreparedStatement(PreparedStatementCreatorFactory.java:239) ~[spring-jdbc-6.1.2.jar:6.1.2]
	at org.springframework.jdbc.core.JdbcTemplate.execute(JdbcTemplate.java:656) ~[spring-jdbc-6.1.2.jar:6.1.2]
	... 38 common frames omitted

]]></system-out>
  </testcase>
  <testcase name="register_validRequest_returns200WithTokens" classname="com.mediscan.auth.AuthControllerIT" time="0.586"/>
  <testcase name="refreshToken_invalidToken_returns4xx" classname="com.mediscan.auth.AuthControllerIT" time="0.032"/>
  <testcase name="refreshToken_validToken_returnsNewAccessToken" classname="com.mediscan.auth.AuthControllerIT" time="0.088"/>
  <testcase name="login_validCredentials_returns200" classname="com.mediscan.auth.AuthControllerIT" time="0.223"/>
  <testcase name="register_duplicateEmail_returns409" classname="com.mediscan.auth.AuthControllerIT" time="0.112"/>
  <testcase name="register_duplicateUsername_returns409" classname="com.mediscan.auth.AuthControllerIT" time="0.114"/>
  <testcase name="login_wrongPassword_returns4xx" classname="com.mediscan.auth.AuthControllerIT" time="0.165"/>
  <testcase name="reminders_noAuthHeader_returns403" classname="com.mediscan.auth.AuthControllerIT" time="0.006"/>
</testsuite>